<?xml version="1.0" encoding="UTF-8"?>
<!-- Generated by org.testng.reporters.JUnitReportReporter -->
<testsuite name="iOS.UI_Catalog.scripts.Test_01_Launch_UI_Catalog_HomePage" tests="1" time="32.977" ignored="0" failures="0" timestamp="07 Aug 2017 20:08:02 GMT" skipped="0" hostname="Sambeets-MacBook-Air.local" errors="0">
  <testcase name="test_01_Launch_UI_Catalog_HomePage" time="32.977" classname="iOS.UI_Catalog.scripts.Test_01_Launch_UI_Catalog_HomePage"/>
</testsuite> <!-- iOS.UI_Catalog.scripts.Test_01_Launch_UI_Catalog_HomePage -->
