<?xml version="1.0" encoding="UTF-8"?>
<!-- Generated by org.testng.reporters.JUnitReportReporter -->
<testsuite name="iOS.TestApp.scripts.Test_01_Compute_Sum" tests="1" time="1.293" ignored="0" failures="0" timestamp="07 Aug 2017 20:08:02 GMT" skipped="0" hostname="Sambeets-MacBook-Air.local" errors="0">
  <testcase name="test_01_Compute_Sum" time="1.293" classname="iOS.TestApp.scripts.Test_01_Compute_Sum"/>
</testsuite> <!-- iOS.TestApp.scripts.Test_01_Compute_Sum -->
