<?xml version="1.0" encoding="UTF-8"?>
<!-- Generated by org.testng.reporters.JUnitReportReporter -->
<testsuite name="iOS.UI_Catalog.scripts.Test_12_UI_Catalog_TextView" tests="1" time="34.669" ignored="28" failures="0" timestamp="05 Aug 2017 14:29:29 GMT" skipped="0" hostname="Sambeets-MacBook-Air.local" errors="0">
  <testcase name="test_12_UI_Catalog_TextView" time="34.669" classname="iOS.UI_Catalog.scripts.Test_12_UI_Catalog_TextView"/>
  <testcase name="after_Suite" classname="iOS.BaseClass.Base_Class">
    <skipped/>
  </testcase> <!-- after_Suite -->
  <testcase name="after_Suite" classname="iOS.BaseClass.Base_Class">
    <skipped/>
  </testcase> <!-- after_Suite -->
  <testcase name="after_Suite" classname="iOS.BaseClass.Base_Class">
    <skipped/>
  </testcase> <!-- after_Suite -->
  <testcase name="after_Suite" classname="iOS.BaseClass.Base_Class">
    <skipped/>
  </testcase> <!-- after_Suite -->
  <testcase name="after_Suite" classname="iOS.BaseClass.Base_Class">
    <skipped/>
  </testcase> <!-- after_Suite -->
  <testcase name="after_Suite" classname="iOS.BaseClass.Base_Class">
    <skipped/>
  </testcase> <!-- after_Suite -->
  <testcase name="after_Suite" classname="iOS.BaseClass.Base_Class">
    <skipped/>
  </testcase> <!-- after_Suite -->
  <testcase name="after_Suite" classname="iOS.BaseClass.Base_Class">
    <skipped/>
  </testcase> <!-- after_Suite -->
  <testcase name="after_Suite" classname="iOS.BaseClass.Base_Class">
    <skipped/>
  </testcase> <!-- after_Suite -->
  <testcase name="after_Suite" classname="iOS.BaseClass.Base_Class">
    <skipped/>
  </testcase> <!-- after_Suite -->
  <testcase name="after_Suite" classname="iOS.BaseClass.Base_Class">
    <skipped/>
  </testcase> <!-- after_Suite -->
  <testcase name="after_Suite" classname="iOS.BaseClass.Base_Class">
    <skipped/>
  </testcase> <!-- after_Suite -->
  <testcase name="after_Suite" classname="iOS.BaseClass.Base_Class">
    <skipped/>
  </testcase> <!-- after_Suite -->
  <testcase name="after_Suite" classname="iOS.BaseClass.Base_Class">
    <skipped/>
  </testcase> <!-- after_Suite -->
  <testcase name="before_Suite" classname="iOS.BaseClass.Base_Class">
    <skipped/>
  </testcase> <!-- before_Suite -->
  <testcase name="before_Suite" classname="iOS.BaseClass.Base_Class">
    <skipped/>
  </testcase> <!-- before_Suite -->
  <testcase name="before_Suite" classname="iOS.BaseClass.Base_Class">
    <skipped/>
  </testcase> <!-- before_Suite -->
  <testcase name="before_Suite" classname="iOS.BaseClass.Base_Class">
    <skipped/>
  </testcase> <!-- before_Suite -->
  <testcase name="before_Suite" classname="iOS.BaseClass.Base_Class">
    <skipped/>
  </testcase> <!-- before_Suite -->
  <testcase name="before_Suite" classname="iOS.BaseClass.Base_Class">
    <skipped/>
  </testcase> <!-- before_Suite -->
  <testcase name="before_Suite" classname="iOS.BaseClass.Base_Class">
    <skipped/>
  </testcase> <!-- before_Suite -->
  <testcase name="before_Suite" classname="iOS.BaseClass.Base_Class">
    <skipped/>
  </testcase> <!-- before_Suite -->
  <testcase name="before_Suite" classname="iOS.BaseClass.Base_Class">
    <skipped/>
  </testcase> <!-- before_Suite -->
  <testcase name="before_Suite" classname="iOS.BaseClass.Base_Class">
    <skipped/>
  </testcase> <!-- before_Suite -->
  <testcase name="before_Suite" classname="iOS.BaseClass.Base_Class">
    <skipped/>
  </testcase> <!-- before_Suite -->
  <testcase name="before_Suite" classname="iOS.BaseClass.Base_Class">
    <skipped/>
  </testcase> <!-- before_Suite -->
  <testcase name="before_Suite" classname="iOS.BaseClass.Base_Class">
    <skipped/>
  </testcase> <!-- before_Suite -->
  <testcase name="before_Suite" classname="iOS.BaseClass.Base_Class">
    <skipped/>
  </testcase> <!-- before_Suite -->
</testsuite> <!-- iOS.UI_Catalog.scripts.Test_12_UI_Catalog_TextView -->
