<?xml version="1.0" encoding="UTF-8"?>
<!-- Generated by org.testng.reporters.JUnitReportReporter -->
<testsuite name="iOS.UI_Catalog.scripts.Test_04_UI_Catalog_AlertViews" tests="1" time="84.230" ignored="0" failures="0" timestamp="03 Aug 2017 21:05:15 GMT" skipped="0" hostname="Sambeets-MacBook-Air.local" errors="0">
  <testcase name="test_04_UI_Catalog_AlertViews" time="84.230" classname="iOS.UI_Catalog.scripts.Test_04_UI_Catalog_AlertViews"/>
</testsuite> <!-- iOS.UI_Catalog.scripts.Test_04_UI_Catalog_AlertViews -->
