<?xml version="1.0" encoding="UTF-8"?>
<!-- Generated by org.testng.reporters.JUnitReportReporter -->
<testsuite name="iOS.UI_Catalog.scripts.Test_03_UI_Catalog_ActivityIndicators" tests="1" time="11.490" ignored="0" failures="0" timestamp="03 Aug 2017 21:53:48 GMT" skipped="0" hostname="Sambeets-MacBook-Air.local" errors="0">
  <testcase name="test_03_UI_Catalog_ActivityIndicators" time="11.490" classname="iOS.UI_Catalog.scripts.Test_03_UI_Catalog_ActivityIndicators"/>
</testsuite> <!-- iOS.UI_Catalog.scripts.Test_03_UI_Catalog_ActivityIndicators -->
