<?xml version="1.0" encoding="UTF-8"?>
<!-- Generated by org.testng.reporters.JUnitReportReporter -->
<testsuite name="iOS.ShoppingCart.Test_03_Validate_Purchase_Items_ContinueShopping" tests="1" time="72.854" ignored="4" failures="0" timestamp="11 Aug 2017 17:06:08 GMT" skipped="0" hostname="Sambeets-MacBook-Air.local" errors="0">
  <testcase name="test_03_Validate_Purchase_Items_ContinueShopping" time="72.854" classname="iOS.ShoppingCart.Test_03_Validate_Purchase_Items_ContinueShopping"/>
  <testcase name="before_Suite" classname="iOS.BaseClass.Base_Class">
    <skipped/>
  </testcase> <!-- before_Suite -->
  <testcase name="before_Suite" classname="iOS.BaseClass.Base_Class">
    <skipped/>
  </testcase> <!-- before_Suite -->
  <testcase name="after_Suite" classname="iOS.BaseClass.Base_Class">
    <skipped/>
  </testcase> <!-- after_Suite -->
  <testcase name="after_Suite" classname="iOS.BaseClass.Base_Class">
    <skipped/>
  </testcase> <!-- after_Suite -->
</testsuite> <!-- iOS.ShoppingCart.Test_03_Validate_Purchase_Items_ContinueShopping -->
