<?xml version="1.0" encoding="UTF-8"?>
<!-- Generated by org.testng.reporters.JUnitReportReporter -->
<testsuite name="iOS.UI_Catalog.scripts.Test_04_UI_Catalog_AlertViews" tests="1" time="0.000" ignored="0" failures="0" timestamp="07 Aug 2017 19:49:36 GMT" skipped="1" hostname="Sambeets-MacBook-Air.local" errors="0">
  <testcase name="test_04_UI_Catalog_AlertViews" time="0.000" classname="iOS.UI_Catalog.scripts.Test_04_UI_Catalog_AlertViews">
    <skipped/>
  </testcase> <!-- test_04_UI_Catalog_AlertViews -->
</testsuite> <!-- iOS.UI_Catalog.scripts.Test_04_UI_Catalog_AlertViews -->
