<?xml version="1.0" encoding="UTF-8"?>
<!-- Generated by org.testng.reporters.JUnitReportReporter -->
<testsuite name="iOS.HomeSafetyApp.scripts.Test_02_HomeSafety_Bedroom" tests="1" time="84.258" ignored="2" failures="0" timestamp="24 Sep 2017 05:46:36 GMT" skipped="0" hostname="Sambeets-MacBook-Air.local" errors="0">
  <testcase name="test_02_HomeSafety_Bedroom" time="84.258" classname="iOS.HomeSafetyApp.scripts.Test_02_HomeSafety_Bedroom"/>
  <testcase name="before_Suite" classname="iOS.BaseClass.Base_Class">
    <skipped/>
  </testcase> <!-- before_Suite -->
  <testcase name="after_Suite" classname="iOS.BaseClass.Base_Class">
    <skipped/>
  </testcase> <!-- after_Suite -->
</testsuite> <!-- iOS.HomeSafetyApp.scripts.Test_02_HomeSafety_Bedroom -->
