<?xml version="1.0" encoding="UTF-8"?>
<!-- Generated by org.testng.reporters.JUnitReportReporter -->
<testsuite name="iOS.HomeSafetyApp.scripts.Test_01_HomeSafety_LaunchPage" tests="2" time="36.464" ignored="0" failures="0" timestamp="24 Sep 2017 05:50:20 GMT" skipped="0" hostname="Sambeets-MacBook-Air.local" errors="1">
  <testcase name="test_01_HomeSafety_LaunchPage" time="36.464" classname="iOS.HomeSafetyApp.scripts.Test_01_HomeSafety_LaunchPage"/>
  <testcase name="after_Suite" time="0.000" classname="iOS.HomeSafetyApp.scripts.Test_01_HomeSafety_LaunchPage">
    <error type="java.lang.NullPointerException">
      <![CDATA[java.lang.NullPointerException
	at iOS.LaunchApps.Launch_Apps.stopServer(Launch_Apps.java:88)
	at iOS.BaseClass.Base_Class.after_Suite(Base_Class.java:91)
	at sun.reflect.NativeMethodAccessorImpl.invoke0(Native Method)
	at sun.reflect.NativeMethodAccessorImpl.invoke(NativeMethodAccessorImpl.java:62)
	at sun.reflect.DelegatingMethodAccessorImpl.invoke(DelegatingMethodAccessorImpl.java:43)
	at java.lang.reflect.Method.invoke(Method.java:498)
	at org.testng.internal.MethodInvocationHelper.invokeMethod(MethodInvocationHelper.java:104)
	at org.testng.internal.Invoker.invokeConfigurationMethod(Invoker.java:515)
	at org.testng.internal.Invoker.invokeConfigurations(Invoker.java:217)
	at org.testng.internal.Invoker.invokeConfigurations(Invoker.java:144)
	at org.testng.SuiteRunner.privateRun(SuiteRunner.java:357)
	at org.testng.SuiteRunner.run(SuiteRunner.java:289)
	at org.testng.SuiteRunnerWorker.runSuite(SuiteRunnerWorker.java:52)
	at org.testng.SuiteRunnerWorker.run(SuiteRunnerWorker.java:86)
	at org.testng.TestNG.runSuitesSequentially(TestNG.java:1293)
	at org.testng.TestNG.runSuitesLocally(TestNG.java:1218)
	at org.testng.TestNG.runSuites(TestNG.java:1133)
	at org.testng.TestNG.run(TestNG.java:1104)
	at org.testng.remote.AbstractRemoteTestNG.run(AbstractRemoteTestNG.java:132)
	at org.testng.remote.RemoteTestNG.initAndRun(RemoteTestNG.java:230)
	at org.testng.remote.RemoteTestNG.main(RemoteTestNG.java:76)
]]>
    </error>
  </testcase> <!-- after_Suite -->
</testsuite> <!-- iOS.HomeSafetyApp.scripts.Test_01_HomeSafety_LaunchPage -->
