<?xml version="1.0" encoding="UTF-8"?>
<!-- Generated by org.testng.reporters.JUnitReportReporter -->
<testsuite name="iOS.ShoppingCart.Test_02_Validate_PlaceOrder_Add_Items" tests="1" time="54.489" ignored="4" failures="0" timestamp="11 Aug 2017 17:06:08 GMT" skipped="0" hostname="Sambeets-MacBook-Air.local" errors="0">
  <testcase name="test_02_Validate_PlaceOrder_Add_Items" time="54.489" classname="iOS.ShoppingCart.Test_02_Validate_PlaceOrder_Add_Items"/>
  <testcase name="before_Suite" classname="iOS.BaseClass.Base_Class">
    <skipped/>
  </testcase> <!-- before_Suite -->
  <testcase name="before_Suite" classname="iOS.BaseClass.Base_Class">
    <skipped/>
  </testcase> <!-- before_Suite -->
  <testcase name="after_Suite" classname="iOS.BaseClass.Base_Class">
    <skipped/>
  </testcase> <!-- after_Suite -->
  <testcase name="after_Suite" classname="iOS.BaseClass.Base_Class">
    <skipped/>
  </testcase> <!-- after_Suite -->
</testsuite> <!-- iOS.ShoppingCart.Test_02_Validate_PlaceOrder_Add_Items -->
