<?xml version="1.0" encoding="UTF-8"?>
<!-- Generated by org.testng.reporters.JUnitReportReporter -->
<testsuite name="iOS.Bbsr.scripts.Test_02_Bbsr_SupportPage" tests="1" time="57.860" ignored="2" failures="0" timestamp="08 Aug 2017 15:59:46 GMT" skipped="0" hostname="Sambeets-MacBook-Air.local" errors="0">
  <testcase name="test_02_Bbsr_SupportPage" time="57.860" classname="iOS.Bbsr.scripts.Test_02_Bbsr_SupportPage"/>
  <testcase name="before_Suite" classname="iOS.BaseClass.Base_Class">
    <skipped/>
  </testcase> <!-- before_Suite -->
  <testcase name="after_Suite" classname="iOS.BaseClass.Base_Class">
    <skipped/>
  </testcase> <!-- after_Suite -->
</testsuite> <!-- iOS.Bbsr.scripts.Test_02_Bbsr_SupportPage -->
