<?xml version="1.0" encoding="UTF-8"?>
<!-- Generated by org.testng.reporters.JUnitReportReporter -->
<testsuite name="iOS.HomeSafetyApp.scripts.Test_01_HomeSafety_LaunchPage" tests="1" time="34.185" ignored="0" failures="0" timestamp="20 Sep 2017 15:34:21 GMT" skipped="0" hostname="Sambeets-MacBook-Air.local" errors="0">
  <testcase name="test_01_HomeSafety_LaunchPage" time="34.185" classname="iOS.HomeSafetyApp.scripts.Test_01_HomeSafety_LaunchPage"/>
</testsuite> <!-- iOS.HomeSafetyApp.scripts.Test_01_HomeSafety_LaunchPage -->
