<?xml version="1.0" encoding="UTF-8"?>
<!-- Generated by org.testng.reporters.JUnitReportReporter -->
<testsuite name="iOS.UI_Catalog.scripts.Test_15_UI_Catalog_WebView" tests="1" time="40.886" ignored="0" failures="0" timestamp="09 Aug 2017 21:35:41 GMT" skipped="0" hostname="Sambeets-MacBook-Air.local" errors="0">
  <testcase name="test_15_UI_Catalog_WebView" time="40.886" classname="iOS.UI_Catalog.scripts.Test_15_UI_Catalog_WebView"/>
</testsuite> <!-- iOS.UI_Catalog.scripts.Test_15_UI_Catalog_WebView -->
